20:09:12.933 INFO - Selenium build info: version: '3.8.1', revision: '6e95a6684b'
20:09:12.933 INFO - Launching a standalone Selenium Server
2019-01-14 20:09:13.020:INFO::main: Logging initialized @307ms to org.seleniumhq.jetty9.util.log.StdErrLog
20:09:13.053 INFO - Using `new FirefoxOptions()` is preferred to `DesiredCapabilities.firefox()`
20:09:13.065 INFO - Using `new ChromeOptions()` is preferred to `DesiredCapabilities.chrome()`
20:09:13.067 INFO - Using `new EdgeOptions()` is preferred to `DesiredCapabilities.edge()`
20:09:13.067 INFO - Driver class not found: com.opera.core.systems.OperaDriver
20:09:13.067 INFO - Using `new OperaOptions()` is preferred to `DesiredCapabilities.operaBlink()`
20:09:13.068 INFO - Using `new SafariOptions()` is preferred to `DesiredCapabilities.safari()`
20:09:13.068 INFO - Driver class not found: org.openqa.selenium.phantomjs.PhantomJSDriver
20:09:13.097 INFO - Driver provider class org.openqa.selenium.ie.InternetExplorerDriver registration is skipped:
 registration capabilities Capabilities {browserName: internet explorer, ensureCleanSession: true, platform: WINDOWS, version: } does not match the current platform MAC
20:09:13.097 INFO - Driver provider class org.openqa.selenium.edge.EdgeDriver registration is skipped:
 registration capabilities Capabilities {browserName: MicrosoftEdge, platform: WINDOWS, version: } does not match the current platform MAC
20:09:13.130 INFO - Using `new ChromeOptions()` is preferred to `DesiredCapabilities.chrome()`
20:09:13.131 INFO - Using `new EdgeOptions()` is preferred to `DesiredCapabilities.edge()`
20:09:13.131 INFO - Using `new FirefoxOptions()` is preferred to `DesiredCapabilities.firefox()`
20:09:13.131 INFO - Using `new OperaOptions()` is preferred to `DesiredCapabilities.operaBlink()`
20:09:13.131 INFO - Using `new SafariOptions()` is preferred to `DesiredCapabilities.safari()`
20:09:13.138 INFO - Using the passthrough mode handler
2019-01-14 20:09:13.161:INFO:osjs.Server:main: jetty-9.4.7.v20170914
2019-01-14 20:09:13.181:WARN:osjs.SecurityHandler:main: ServletContext@o.s.j.s.ServletContextHandler@42eca56e{/,null,STARTING} has uncovered http methods for path: /
2019-01-14 20:09:13.186:INFO:osjsh.ContextHandler:main: Started o.s.j.s.ServletContextHandler@42eca56e{/,null,AVAILABLE}
2019-01-14 20:09:13.213:INFO:osjs.AbstractConnector:main: Started ServerConnector@47db50c5{HTTP/1.1,[http/1.1]}{0.0.0.0:4444}
2019-01-14 20:09:13.213:INFO:osjs.Server:main: Started @501ms
20:09:13.213 INFO - Selenium Server is up and running
2019-01-14 20:09:13.436:INFO:osjshC.ROOT:qtp1225616405-14: org.openqa.selenium.remote.server.WebDriverServlet-1f7030a6: Initialising WebDriverServlet
20:09:13.476 INFO - Found handler: org.openqa.selenium.remote.server.commandhandler.BeginSession@32bcb783
20:09:13.479 INFO - /session: Executing POST on /session (handler: BeginSession)
20:09:13.530 INFO - Capabilities are: Capabilities {acceptSslCerts: true, browserName: firefox, javascriptEnabled: true, marionette: true, name: Login}
20:09:13.532 INFO - Capabilities {acceptSslCerts: true, browserName: firefox, javascriptEnabled: true, marionette: true, name: Login} matched class org.openqa.selenium.remote.server.ServicedSession$Factory (provider: org.openqa.selenium.firefox.GeckoDriverService)
1547514553847	mozrunner::runner	INFO	Running command: "/Applications/Firefox.app/Contents/MacOS/firefox-bin" "-marionette" "-foreground" "-no-remote" "-profile" "/var/folders/1k/bqd3ck8j16j3js83qf2q15c40000gp/T/rust_mozprofile.bm1s9vnDEW76"
1547514554367	addons.webextension.screenshots@mozilla.org	WARN	Loading extension 'screenshots@mozilla.org': Reading manifest: Invalid host permission: resource://pdf.js/
1547514554368	addons.webextension.screenshots@mozilla.org	WARN	Loading extension 'screenshots@mozilla.org': Reading manifest: Invalid host permission: about:reader*
Can't find symbol 'GetGraphicsResetStatus'.
1547514555900	Marionette	INFO	Listening on port 64875
20:09:16.050 INFO - Detected dialect: W3C
20:09:16.100 INFO - Found handler: org.openqa.selenium.remote.server.ServicedSession@708cde94
20:09:16.100 INFO - Handler thread for session 17492246-2a1e-1348-86c8-cd076136f7cc (firefox): Executing POST on /session/17492246-2a1e-1348-86c8-cd076136f7cc/window/undefined/maximize (handler: ServicedSession)
20:09:16.734 INFO - Found handler: org.openqa.selenium.remote.server.ServicedSession@708cde94
20:09:16.734 INFO - Handler thread for session 17492246-2a1e-1348-86c8-cd076136f7cc (firefox): Executing POST on /session/17492246-2a1e-1348-86c8-cd076136f7cc/url (handler: ServicedSession)
20:09:19.441 INFO - Found handler: org.openqa.selenium.remote.server.ServicedSession@708cde94
20:09:19.441 INFO - Handler thread for session 17492246-2a1e-1348-86c8-cd076136f7cc (firefox): Executing POST on /session/17492246-2a1e-1348-86c8-cd076136f7cc/elements (handler: ServicedSession)
20:09:19.457 INFO - Found handler: org.openqa.selenium.remote.server.ServicedSession@708cde94
20:09:19.458 INFO - Handler thread for session 17492246-2a1e-1348-86c8-cd076136f7cc (firefox): Executing GET on /session/17492246-2a1e-1348-86c8-cd076136f7cc/element/654b365a-4311-4641-8fc0-5b290f91362d/displayed (handler: ServicedSession)
20:09:19.489 INFO - Found handler: org.openqa.selenium.remote.server.ServicedSession@708cde94
20:09:19.490 INFO - Handler thread for session 17492246-2a1e-1348-86c8-cd076136f7cc (firefox): Executing POST on /session/17492246-2a1e-1348-86c8-cd076136f7cc/elements (handler: ServicedSession)
20:09:19.509 INFO - Found handler: org.openqa.selenium.remote.server.ServicedSession@708cde94
20:09:19.509 INFO - Handler thread for session 17492246-2a1e-1348-86c8-cd076136f7cc (firefox): Executing GET on /session/17492246-2a1e-1348-86c8-cd076136f7cc/element/790babdd-6611-654c-a124-e63c0d46d7a6/displayed (handler: ServicedSession)
JavaScript warning: https://www.googletagmanager.com/gtag/js?id=AW-977327465, line 87: unreachable code after return statement
JavaScript warning: https://www.googletagmanager.com/gtag/js?id=AW-977327465, line 147: unreachable code after return statement
JavaScript warning: https://www.googletagmanager.com/gtag/js?id=AW-977327465, line 147: unreachable code after return statement
JavaScript warning: https://www.googletagmanager.com/gtag/js?id=AW-977327465, line 147: unreachable code after return statement
20:09:19.541 INFO - Found handler: org.openqa.selenium.remote.server.ServicedSession@708cde94
20:09:19.543 INFO - Handler thread for session 17492246-2a1e-1348-86c8-cd076136f7cc (firefox): Executing POST on /session/17492246-2a1e-1348-86c8-cd076136f7cc/element (handler: ServicedSession)
JavaScript warning: https://www.googletagmanager.com/gtag/js?id=AW-977327465, line 87: unreachable code after return statement
JavaScript warning: https://www.googletagmanager.com/gtag/js?id=AW-977327465, line 147: unreachable code after return statement
20:09:19.561 INFO - Found handler: org.openqa.selenium.remote.server.ServicedSession@708cde94
20:09:19.561 INFO - Handler thread for session 17492246-2a1e-1348-86c8-cd076136f7cc (firefox): Executing POST on /session/17492246-2a1e-1348-86c8-cd076136f7cc/element/790babdd-6611-654c-a124-e63c0d46d7a6/value (handler: ServicedSession)
20:09:19.613 INFO - Found handler: org.openqa.selenium.remote.server.ServicedSession@708cde94
20:09:19.613 INFO - Handler thread for session 17492246-2a1e-1348-86c8-cd076136f7cc (firefox): Executing POST on /session/17492246-2a1e-1348-86c8-cd076136f7cc/element (handler: ServicedSession)
20:09:19.622 INFO - Found handler: org.openqa.selenium.remote.server.ServicedSession@708cde94
20:09:19.623 INFO - Handler thread for session 17492246-2a1e-1348-86c8-cd076136f7cc (firefox): Executing POST on /session/17492246-2a1e-1348-86c8-cd076136f7cc/element/1ef0ea0b-2c57-a64e-a2be-f5b673e5654d/value (handler: ServicedSession)
20:09:19.666 INFO - Found handler: org.openqa.selenium.remote.server.ServicedSession@708cde94
20:09:19.666 INFO - Handler thread for session 17492246-2a1e-1348-86c8-cd076136f7cc (firefox): Executing POST on /session/17492246-2a1e-1348-86c8-cd076136f7cc/element (handler: ServicedSession)
20:09:19.677 INFO - Found handler: org.openqa.selenium.remote.server.ServicedSession@708cde94
20:09:19.678 INFO - Handler thread for session 17492246-2a1e-1348-86c8-cd076136f7cc (firefox): Executing POST on /session/17492246-2a1e-1348-86c8-cd076136f7cc/element/5ab150a7-9da7-0349-b867-f9ad9d75e2ab/click (handler: ServicedSession)
20:09:21.921 INFO - Found handler: org.openqa.selenium.remote.server.ServicedSession@708cde94
20:09:21.921 INFO - Handler thread for session 17492246-2a1e-1348-86c8-cd076136f7cc (firefox): Executing POST on /session/17492246-2a1e-1348-86c8-cd076136f7cc/element (handler: ServicedSession)
20:09:21.991 INFO - Found handler: org.openqa.selenium.remote.server.ServicedSession@708cde94
20:09:21.991 INFO - Handler thread for session 17492246-2a1e-1348-86c8-cd076136f7cc (firefox): Executing POST on /session/17492246-2a1e-1348-86c8-cd076136f7cc/element/4992d96d-5d21-134c-8793-957f6b5d0c6d/click (handler: ServicedSession)
20:09:22.347 INFO - Found handler: org.openqa.selenium.remote.server.ServicedSession@708cde94
20:09:22.348 INFO - Handler thread for session 17492246-2a1e-1348-86c8-cd076136f7cc (firefox): Executing POST on /session/17492246-2a1e-1348-86c8-cd076136f7cc/element (handler: ServicedSession)
20:09:22.365 INFO - Found handler: org.openqa.selenium.remote.server.ServicedSession@708cde94
20:09:22.366 INFO - Handler thread for session 17492246-2a1e-1348-86c8-cd076136f7cc (firefox): Executing POST on /session/17492246-2a1e-1348-86c8-cd076136f7cc/element/7dbf6f5a-7647-0b45-8c05-4062512ba085/value (handler: ServicedSession)
20:09:22.441 INFO - Found handler: org.openqa.selenium.remote.server.ServicedSession@708cde94
20:09:22.442 INFO - Handler thread for session 17492246-2a1e-1348-86c8-cd076136f7cc (firefox): Executing POST on /session/17492246-2a1e-1348-86c8-cd076136f7cc/element (handler: ServicedSession)
20:09:22.460 INFO - Found handler: org.openqa.selenium.remote.server.ServicedSession@708cde94
20:09:22.460 INFO - Handler thread for session 17492246-2a1e-1348-86c8-cd076136f7cc (firefox): Executing POST on /session/17492246-2a1e-1348-86c8-cd076136f7cc/element/d245cee8-206e-1e4a-a580-81cfab5ace8c/click (handler: ServicedSession)
20:09:23.052 INFO - Found handler: org.openqa.selenium.remote.server.ServicedSession@708cde94
20:09:23.052 INFO - Handler thread for session 17492246-2a1e-1348-86c8-cd076136f7cc (firefox): Executing POST on /session/17492246-2a1e-1348-86c8-cd076136f7cc/element (handler: ServicedSession)
JavaScript warning: https://www.googletagmanager.com/gtag/js?id=AW-977327465, line 87: unreachable code after return statement
JavaScript warning: https://www.googletagmanager.com/gtag/js?id=AW-977327465, line 147: unreachable code after return statement
JavaScript warning: https://www.googletagmanager.com/gtag/js?id=AW-977327465, line 147: unreachable code after return statement
JavaScript warning: https://www.googletagmanager.com/gtag/js?id=AW-977327465, line 147: unreachable code after return statement
20:09:23.074 INFO - Found handler: org.openqa.selenium.remote.server.ServicedSession@708cde94
20:09:23.075 INFO - Handler thread for session 17492246-2a1e-1348-86c8-cd076136f7cc (firefox): Executing POST on /session/17492246-2a1e-1348-86c8-cd076136f7cc/element/bafc10ad-e8a8-4a48-a6c7-35eb874ddbfd/click (handler: ServicedSession)
JavaScript warning: https://www.googletagmanager.com/gtag/js?id=AW-977327465, line 87: unreachable code after return statement
JavaScript warning: https://www.googletagmanager.com/gtag/js?id=AW-977327465, line 147: unreachable code after return statement
20:09:23.607 INFO - Found handler: org.openqa.selenium.remote.server.ServicedSession@708cde94
20:09:23.608 INFO - Handler thread for session 17492246-2a1e-1348-86c8-cd076136f7cc (firefox): Executing POST on /session/17492246-2a1e-1348-86c8-cd076136f7cc/element (handler: ServicedSession)
20:09:23.620 INFO - Found handler: org.openqa.selenium.remote.server.ServicedSession@708cde94
20:09:23.620 INFO - Handler thread for session 17492246-2a1e-1348-86c8-cd076136f7cc (firefox): Executing POST on /session/17492246-2a1e-1348-86c8-cd076136f7cc/element/c617515f-11c4-b849-9dc5-85532959f61d/click (handler: ServicedSession)
20:09:28.991 INFO - Found handler: org.openqa.selenium.remote.server.ServicedSession@708cde94
20:09:28.991 INFO - Handler thread for session 17492246-2a1e-1348-86c8-cd076136f7cc (firefox): Executing DELETE on /session/17492246-2a1e-1348-86c8-cd076136f7cc (handler: ServicedSession)
1547514568998	Marionette	INFO	Stopped listening on port 64875
20:09:29.678 INFO - Removing session org.openqa.selenium.remote.server.ServicedSession@708cde94
